# JRE version: OpenJDK Runtime Environment (11.0.11+9) (build 11.0.11+9-b60-7590822)
# Java VM: OpenJDK 64-Bit Server VM (11.0.11+9-b60-7590822, mixed mode, tiered, compressed oops, g1 gc, windows-amd64)
Heap:
 garbage-first heap   total 76800K, used 45734K [0x00000000c2800000, 0x0000000100000000)
  region size 1024K, 25 young (25600K), 3 survivors (3072K)
 Metaspace       used 43845K, capacity 44347K, committed 44544K, reserved 1095680K
  class space    used 5200K, capacity 5373K, committed 5376K, reserved 1048576K
GC Heap History (18 events):
Event: 1.365 GC heap before
{Heap before GC invocations=0 (full 0):
 garbage-first heap   total 63488K, used 17408K [0x00000000c2800000, 0x0000000100000000)
  region size 1024K, 14 young (14336K), 0 survivors (0K)
 Metaspace       used 9782K, capacity 9871K, committed 10112K, reserved 1058816K
  class space    used 834K, capacity 884K, committed 896K, reserved 1048576K
}
Event: 1.371 GC heap after
{Heap after GC invocations=1 (full 0):
 garbage-first heap   total 63488K, used 5221K [0x00000000c2800000, 0x0000000100000000)
  region size 1024K, 2 young (2048K), 2 survivors (2048K)
 Metaspace       used 9782K, capacity 9871K, committed 10112K, reserved 1058816K
  class space    used 834K, capacity 884K, committed 896K, reserved 1048576K
}
Event: 4.464 GC heap before
{Heap before GC invocations=1 (full 0):
 garbage-first heap   total 63488K, used 41061K [0x00000000c2800000, 0x0000000100000000)
  region size 1024K, 37 young (37888K), 2 survivors (2048K)
 Metaspace       used 18105K, capacity 18278K, committed 18560K, reserved 1067008K
  class space    used 1800K, capacity 1873K, committed 1920K, reserved 1048576K
}
Event: 4.490 GC heap after
{Heap after GC invocations=2 (full 0):
 garbage-first heap   total 63488K, used 8955K [0x00000000c2800000, 0x0000000100000000)
  region size 1024K, 5 young (5120K), 5 survivors (5120K)
 Metaspace       used 18105K, capacity 18278K, committed 18560K, reserved 1067008K
  class space    used 1800K, capacity 1873K, committed 1920K, reserved 1048576K
}
Event: 5.470 GC heap before
{Heap before GC invocations=2 (full 0):
 garbage-first heap   total 63488K, used 19195K [0x00000000c2800000, 0x0000000100000000)
  region size 1024K, 15 young (15360K), 5 survivors (5120K)
 Metaspace       used 20787K, capacity 20983K, committed 21248K, reserved 1069056K
  class space    used 2175K, capacity 2244K, committed 2304K, reserved 1048576K
}
Event: 5.494 GC heap after
{Heap after GC invocations=3 (full 0):
 garbage-first heap   total 63488K, used 9908K [0x00000000c2800000, 0x0000000100000000)
  region size 1024K, 1 young (1024K), 1 survivors (1024K)
 Metaspace       used 20787K, capacity 20983K, committed 21248K, reserved 1069056K
  class space    used 2175K, capacity 2244K, committed 2304K, reserved 1048576K
}
Event: 5.575 GC heap before
{Heap before GC invocations=3 (full 0):
 garbage-first heap   total 63488K, used 9908K [0x00000000c2800000, 0x0000000100000000)
  region size 1024K, 2 young (2048K), 1 survivors (1024K)
 Metaspace       used 21016K, capacity 21209K, committed 21248K, reserved 1069056K
  class space    used 2205K, capacity 2277K, committed 2304K, reserved 1048576K
}
Event: 5.579 GC heap after
{Heap after GC invocations=4 (full 0):
 garbage-first heap   total 63488K, used 9800K [0x00000000c2800000, 0x0000000100000000)
  region size 1024K, 1 young (1024K), 1 survivors (1024K)
 Metaspace       used 21016K, capacity 21209K, committed 21248K, reserved 1069056K
  class space    used 2205K, capacity 2277K, committed 2304K, reserved 1048576K
}
Event: 7.456 GC heap before
{Heap before GC invocations=5 (full 0):
 garbage-first heap   total 63488K, used 38472K [0x00000000c2800000, 0x0000000100000000)
  region size 1024K, 23 young (23552K), 1 survivors (1024K)
 Metaspace       used 26830K, capacity 27234K, committed 27392K, reserved 1073152K
  class space    used 2857K, capacity 2999K, committed 3072K, reserved 1048576K
}
Event: 7.465 GC heap after
{Heap after GC invocations=6 (full 0):
 garbage-first heap   total 63488K, used 17576K [0x00000000c2800000, 0x0000000100000000)
  region size 1024K, 3 young (3072K), 3 survivors (3072K)
 Metaspace       used 26830K, capacity 27234K, committed 27392K, reserved 1073152K
  class space    used 2857K, capacity 2999K, committed 3072K, reserved 1048576K
}
Event: 9.243 GC heap before
{Heap before GC invocations=6 (full 0):
 garbage-first heap   total 63488K, used 40104K [0x00000000c2800000, 0x0000000100000000)
  region size 1024K, 24 young (24576K), 3 survivors (3072K)
 Metaspace       used 30157K, capacity 30566K, committed 30720K, reserved 1077248K
  class space    used 3548K, capacity 3728K, committed 3840K, reserved 1048576K
}
Event: 9.270 GC heap after
{Heap after GC invocations=7 (full 0):
 garbage-first heap   total 63488K, used 23807K [0x00000000c2800000, 0x0000000100000000)
  region size 1024K, 3 young (3072K), 3 survivors (3072K)
 Metaspace       used 30157K, capacity 30566K, committed 30720K, reserved 1077248K
  class space    used 3548K, capacity 3728K, committed 3840K, reserved 1048576K
}
Event: 11.007 GC heap before
{Heap before GC invocations=7 (full 0):
 garbage-first heap   total 63488K, used 45311K [0x00000000c2800000, 0x0000000100000000)
  region size 1024K, 21 young (21504K), 3 survivors (3072K)
 Metaspace       used 34449K, capacity 34897K, committed 35200K, reserved 1079296K
  class space    used 4241K, capacity 4403K, committed 4480K, reserved 1048576K
}
Event: 11.025 GC heap after
{Heap after GC invocations=8 (full 0):
 garbage-first heap   total 63488K, used 25064K [0x00000000c2800000, 0x0000000100000000)
  region size 1024K, 2 young (2048K), 2 survivors (2048K)
 Metaspace       used 34449K, capacity 34897K, committed 35200K, reserved 1079296K
  class space    used 4241K, capacity 4403K, committed 4480K, reserved 1048576K
}
Event: 11.634 GC heap before
{Heap before GC invocations=8 (full 0):
 garbage-first heap   total 63488K, used 30184K [0x00000000c2800000, 0x0000000100000000)
  region size 1024K, 8 young (8192K), 2 survivors (2048K)
 Metaspace       used 35269K, capacity 35709K, committed 35840K, reserved 1081344K
  class space    used 4325K, capacity 4503K, committed 4608K, reserved 1048576K
}
Event: 11.643 GC heap after
{Heap after GC invocations=9 (full 0):
 garbage-first heap   total 76800K, used 23403K [0x00000000c2800000, 0x0000000100000000)
  region size 1024K, 2 young (2048K), 2 survivors (2048K)
 Metaspace       used 35269K, capacity 35709K, committed 35840K, reserved 1081344K
  class space    used 4325K, capacity 4503K, committed 4608K, reserved 1048576K
}
Event: 13.197 GC heap before
{Heap before GC invocations=10 (full 0):
 garbage-first heap   total 76800K, used 41835K [0x00000000c2800000, 0x0000000100000000)
  region size 1024K, 20 young (20480K), 2 survivors (2048K)
 Metaspace       used 38466K, capacity 38909K, committed 39168K, reserved 1083392K
  class space    used 4630K, capacity 4799K, committed 4864K, reserved 1048576K
}
Event: 13.212 GC heap after
{Heap after GC invocations=11 (full 0):
 garbage-first heap   total 76800K, used 25254K [0x00000000c2800000, 0x0000000100000000)
  region size 1024K, 3 young (3072K), 3 survivors (3072K)
 Metaspace       used 38466K, capacity 38909K, committed 39168K, reserved 1083392K
  class space    used 4630K, capacity 4799K, committed 4864K, reserved 1048576K
}

