# JRE version: OpenJDK Runtime Environment (11.0.11+9) (build 11.0.11+9-b60-7590822)
# Java VM: OpenJDK 64-Bit Server VM (11.0.11+9-b60-7590822, mixed mode, tiered, compressed oops, g1 gc, windows-amd64)
Heap:
 garbage-first heap   total 159744K, used 93258K [0x0000000080000000, 0x0000000100000000)
  region size 1024K, 2 young (2048K), 2 survivors (2048K)
 Metaspace       used 77621K, capacity 79517K, committed 79792K, reserved 1118208K
  class space    used 9950K, capacity 10629K, committed 10752K, reserved 1048576K
GC Heap History (20 events):
Event: 59.049 GC heap after
{Heap after GC invocations=91 (full 0):
 garbage-first heap   total 110592K, used 87497K [0x0000000080000000, 0x0000000100000000)
  region size 1024K, 1 young (1024K), 1 survivors (1024K)
 Metaspace       used 71415K, capacity 73187K, committed 73392K, reserved 1114112K
  class space    used 9078K, capacity 9719K, committed 9728K, reserved 1048576K
}
Event: 59.515 GC heap before
{Heap before GC invocations=91 (full 0):
 garbage-first heap   total 110592K, used 93641K [0x0000000080000000, 0x0000000100000000)
  region size 1024K, 7 young (7168K), 1 survivors (1024K)
 Metaspace       used 72214K, capacity 73978K, committed 74032K, reserved 1114112K
  class space    used 9182K, capacity 9833K, committed 9856K, reserved 1048576K
}
Event: 59.520 GC heap after
{Heap after GC invocations=92 (full 0):
 garbage-first heap   total 110592K, used 87436K [0x0000000080000000, 0x0000000100000000)
  region size 1024K, 1 young (1024K), 1 survivors (1024K)
 Metaspace       used 72214K, capacity 73978K, committed 74032K, reserved 1114112K
  class space    used 9182K, capacity 9833K, committed 9856K, reserved 1048576K
}
Event: 59.923 GC heap before
{Heap before GC invocations=93 (full 0):
 garbage-first heap   total 110592K, used 92556K [0x0000000080000000, 0x0000000100000000)
  region size 1024K, 7 young (7168K), 1 survivors (1024K)
 Metaspace       used 72714K, capacity 74445K, committed 74672K, reserved 1114112K
  class space    used 9258K, capacity 9903K, committed 9984K, reserved 1048576K
}
Event: 59.927 GC heap after
{Heap after GC invocations=94 (full 0):
 garbage-first heap   total 110592K, used 87563K [0x0000000080000000, 0x0000000100000000)
  region size 1024K, 1 young (1024K), 1 survivors (1024K)
 Metaspace       used 72714K, capacity 74445K, committed 74672K, reserved 1114112K
  class space    used 9258K, capacity 9903K, committed 9984K, reserved 1048576K
}
Event: 60.513 GC heap before
{Heap before GC invocations=94 (full 0):
 garbage-first heap   total 110592K, used 93707K [0x0000000080000000, 0x0000000100000000)
  region size 1024K, 7 young (7168K), 1 survivors (1024K)
 Metaspace       used 73396K, capacity 75187K, committed 75312K, reserved 1114112K
  class space    used 9341K, capacity 10001K, committed 10112K, reserved 1048576K
}
Event: 60.518 GC heap after
{Heap after GC invocations=95 (full 0):
 garbage-first heap   total 110592K, used 87773K [0x0000000080000000, 0x0000000100000000)
  region size 1024K, 1 young (1024K), 1 survivors (1024K)
 Metaspace       used 73396K, capacity 75187K, committed 75312K, reserved 1114112K
  class space    used 9341K, capacity 10001K, committed 10112K, reserved 1048576K
}
Event: 60.946 GC heap before
{Heap before GC invocations=96 (full 0):
 garbage-first heap   total 110592K, used 93917K [0x0000000080000000, 0x0000000100000000)
  region size 1024K, 7 young (7168K), 1 survivors (1024K)
 Metaspace       used 73642K, capacity 75445K, committed 75568K, reserved 1114112K
  class space    used 9358K, capacity 10001K, committed 10112K, reserved 1048576K
}
Event: 60.951 GC heap after
{Heap after GC invocations=97 (full 0):
 garbage-first heap   total 110592K, used 88126K [0x0000000080000000, 0x0000000100000000)
  region size 1024K, 1 young (1024K), 1 survivors (1024K)
 Metaspace       used 73642K, capacity 75445K, committed 75568K, reserved 1114112K
  class space    used 9358K, capacity 10001K, committed 10112K, reserved 1048576K
}
Event: 61.225 GC heap before
{Heap before GC invocations=97 (full 0):
 garbage-first heap   total 110592K, used 94270K [0x0000000080000000, 0x0000000100000000)
  region size 1024K, 7 young (7168K), 1 survivors (1024K)
 Metaspace       used 73977K, capacity 75733K, committed 75824K, reserved 1116160K
  class space    used 9400K, capacity 10033K, committed 10112K, reserved 1048576K
}
Event: 61.231 GC heap after
{Heap after GC invocations=98 (full 0):
 garbage-first heap   total 110592K, used 88559K [0x0000000080000000, 0x0000000100000000)
  region size 1024K, 1 young (1024K), 1 survivors (1024K)
 Metaspace       used 73977K, capacity 75733K, committed 75824K, reserved 1116160K
  class space    used 9400K, capacity 10033K, committed 10112K, reserved 1048576K
}
Event: 62.126 GC heap before
{Heap before GC invocations=99 (full 0):
 garbage-first heap   total 110592K, used 94703K [0x0000000080000000, 0x0000000100000000)
  region size 1024K, 7 young (7168K), 1 survivors (1024K)
 Metaspace       used 74219K, capacity 76067K, committed 76336K, reserved 1116160K
  class space    used 9422K, capacity 10077K, committed 10112K, reserved 1048576K
}
Event: 62.132 GC heap after
{Heap after GC invocations=100 (full 0):
 garbage-first heap   total 133120K, used 88933K [0x0000000080000000, 0x0000000100000000)
  region size 1024K, 1 young (1024K), 1 survivors (1024K)
 Metaspace       used 74219K, capacity 76067K, committed 76336K, reserved 1116160K
  class space    used 9422K, capacity 10077K, committed 10112K, reserved 1048576K
}
Event: 62.515 GC heap before
{Heap before GC invocations=100 (full 0):
 garbage-first heap   total 133120K, used 103269K [0x0000000080000000, 0x0000000100000000)
  region size 1024K, 15 young (15360K), 1 survivors (1024K)
 Metaspace       used 74339K, capacity 76169K, committed 76336K, reserved 1116160K
  class space    used 9449K, capacity 10111K, committed 10112K, reserved 1048576K
}
Event: 62.524 GC heap after
{Heap after GC invocations=101 (full 0):
 garbage-first heap   total 133120K, used 90063K [0x0000000080000000, 0x0000000100000000)
  region size 1024K, 2 young (2048K), 2 survivors (2048K)
 Metaspace       used 74339K, capacity 76169K, committed 76336K, reserved 1116160K
  class space    used 9449K, capacity 10111K, committed 10112K, reserved 1048576K
}
Event: 62.915 GC heap before
{Heap before GC invocations=102 (full 0):
 garbage-first heap   total 133120K, used 104399K [0x0000000080000000, 0x0000000100000000)
  region size 1024K, 16 young (16384K), 2 survivors (2048K)
 Metaspace       used 74390K, capacity 76268K, committed 76464K, reserved 1116160K
  class space    used 9456K, capacity 10145K, committed 10240K, reserved 1048576K
}
Event: 62.924 GC heap after
{Heap after GC invocations=103 (full 0):
 garbage-first heap   total 133120K, used 91420K [0x0000000080000000, 0x0000000100000000)
  region size 1024K, 2 young (2048K), 2 survivors (2048K)
 Metaspace       used 74390K, capacity 76268K, committed 76464K, reserved 1116160K
  class space    used 9456K, capacity 10145K, committed 10240K, reserved 1048576K
}
Event: 63.601 GC heap before
{Heap before GC invocations=103 (full 0):
 garbage-first heap   total 133120K, used 105756K [0x0000000080000000, 0x0000000100000000)
  region size 1024K, 16 young (16384K), 2 survivors (2048K)
 Metaspace       used 75774K, capacity 77650K, committed 77872K, reserved 1116160K
  class space    used 9616K, capacity 10307K, committed 10368K, reserved 1048576K
}
Event: 63.608 GC heap after
{Heap after GC invocations=104 (full 0):
 garbage-first heap   total 133120K, used 92509K [0x0000000080000000, 0x0000000100000000)
  region size 1024K, 2 young (2048K), 2 survivors (2048K)
 Metaspace       used 75774K, capacity 77650K, committed 77872K, reserved 1116160K
  class space    used 9616K, capacity 10307K, committed 10368K, reserved 1048576K
}
Event: 64.509 GC heap before
{Heap before GC invocations=105 (full 0):
 garbage-first heap   total 133120K, used 106845K [0x0000000080000000, 0x0000000100000000)
  region size 1024K, 16 young (16384K), 2 survivors (2048K)
 Metaspace       used 77621K, capacity 79517K, committed 79792K, reserved 1118208K
  class space    used 9950K, capacity 10629K, committed 10752K, reserved 1048576K
}

